<?xml version="1.0" encoding="UTF-8"?>
<testng-results ignored="0" total="1" passed="1" failed="0" skipped="0">
  <reporter-output>
  </reporter-output>
  <suite started-at="2020-11-17T05:45:32 UTC" name="Suite" finished-at="2020-11-17T05:45:45 UTC" duration-ms="13006">
    <groups>
    </groups>
    <test started-at="2020-11-17T05:45:32 UTC" name="Test" finished-at="2020-11-17T05:45:45 UTC" duration-ms="13006">
      <class name="com.qatechhub.tests.ContactUsTests">
        <test-method is-config="true" signature="setup(java.lang.String)[pri:0, instance:com.qatechhub.tests.ContactUsTests@11dc3715]" started-at="2020-11-17T05:45:32 UTC" name="setup" finished-at="2020-11-17T05:45:41 UTC" duration-ms="9431" status="PASS">
          <params>
            <param index="0">
              <value>
                <![CDATA[chrome-remote]]>
              </value>
            </param>
          </params>
          <reporter-output>
          </reporter-output>
        </test-method> <!-- setup -->
        <test-method signature="verifyContactUsForm()[pri:0, instance:com.qatechhub.tests.ContactUsTests@11dc3715]" started-at="2020-11-17T05:45:41 UTC" name="verifyContactUsForm" finished-at="2020-11-17T05:45:45 UTC" duration-ms="3300" status="PASS">
          <reporter-output>
          </reporter-output>
        </test-method> <!-- verifyContactUsForm -->
        <test-method is-config="true" signature="cleanUp()[pri:0, instance:com.qatechhub.tests.ContactUsTests@11dc3715]" started-at="2020-11-17T05:45:45 UTC" name="cleanUp" finished-at="2020-11-17T05:45:45 UTC" duration-ms="128" status="PASS">
          <reporter-output>
          </reporter-output>
        </test-method> <!-- cleanUp -->
      </class> <!-- com.qatechhub.tests.ContactUsTests -->
    </test> <!-- Test -->
  </suite> <!-- Suite -->
</testng-results>
